
ROM used: 209 (3%)
          209 (3%) including unused fragments

          1 Average locations per line
          9 Average locations per statement

RAM used: 13 (4%) at main() level
          25 (7%) worst case

Stack used: 1 worst case (out of 8 total available)

Lines Stmts  %   Files
----- ----- ---  -----
   45    23 100  Interrupcion Ancho de Pulso.c
  326     0   0  ..\..\..\..\..\..\Program Files (x86)\PICC\devices\16f877a.h
----- -----
  371    23 Total

Page ROM  %  RAM   Vol Diff  Functions:
---- --- --- ---   --- ----  ----------
0     55  26   1   232  4.3  MAIN
0     31  15   2   317  4.3  @ITOF
0    119  57  13   624  5.8  @MULFF

Program metrics:
    Functions               3
    Statements              23
    Comments                78
    Volume (V)              1491
    Difficilty (D)          14.9
    Effort to implement (E) 22145
    Time to implement (T)   21 minutes
    Est Delivered Bugs (B)  0
    Cyclomatic Complexity   3
    Maintainability (MI)    155

 Segment     Used  Free
-----------  ----  ----
00000-00003     4  0  
00004-007FF   205  1839  
00800-00FFF     0  2048  
01000-017FF     0  2048  
01800-01FFF     0  2048  



