
ROM used: 34 (0%)
          34 (0%) including unused fragments

          0 Average locations per line
          2 Average locations per statement

RAM used: 6 (2%) at main() level
          6 (2%) worst case

Stack used: 0 worst case (out of 8 total available)

Lines Stmts  %   Files
----- ----- ---  -----
   37    15 100  Estudio.c
  262     0   0  ..\..\..\..\Program Files (x86)\PICC\devices\16f876.h
----- -----
  299    15 Total

Page ROM  %  RAM   Vol Diff  Functions:
---- --- --- ---   --- ----  ----------
0     30  88   1   428  3.8  main

Program metrics:
    Functions               1
    Statements              15
    Comments                75
    Volume (V)              428
    Difficilty (D)          3.8
    Effort to implement (E) 1621
    Time to implement (T)   2 minutes
    Est Delivered Bugs (B)  0
    Cyclomatic Complexity   1
    Maintainability (MI)    133

 Segment     Used  Free
-----------  ----  ----
00000-00003     4  0  
00004-007FF    30  2014  
00800-00FFF     0  2048  
01000-017FF     0  2048  
01800-01FFF     0  2048  



