
ROM used:   234/8192 (3%)
            234/8192 (3%) including unused fragments

            0.3 Average locations per line
            4.1 Average locations per statement

RAM used:   25/368 (7%) at main() level
            30/368 (8%) worst case

Stack used: 3 worst case (2 in main + 1 for interrupts)
Stack size: 8

Lines Stmts  %   Files
----- ----- ---  -----
  103    57 100  9999.c
  671     0   0  ..\..\..\..\..\..\Program Files (x86)\PICC\devices\16f877a.h
----- -----
  774    57 Total

Page ROM  %  RAM   Vol Diff  Functions:
---- --- --- ---   --- ----  ----------
0     21   9    1             @delay_ms1
0     10   4    0    59  1.9  ext
0     58  25    0   652  2.4  conteo
0     98  42    0   880  4.1  MAIN
 Inline         0             @cinit1

Program metrics:
    Functions               3
    Statements              57
    Comments                119
    Volume (V)              1939
    Difficulty (D)          8.6
    Effort to implement (E) 16760
    Time to implement (T)   16 minutes
    Est Delivered Bugs (B)  0
    Cyclomatic Complexity   5
    Maintainability (MI)    73

 Segment     Used  Free
-----------  ----  ----
00000-00003     4  0  
00004-0002E    43  0  
0002F-007FF   187  1814  
00800-00FFF     0  2048  
01000-017FF     0  2048  
01800-01FFF     0  2048  



