
ROM used:   179/8192 (2%)
            179/8192 (2%) including unused fragments

            0.3 Average locations per line
            29.8 Average locations per statement

RAM used:   27/368 (7%) at main() level
            27/368 (7%) worst case

Stack used: 2 worst case (1 in main + 1 for interrupts)
Stack size: 8

Lines Stmts  %   Files
----- ----- ---  -----
   31     6 100  RTOS.c
  639     0   0  ..\..\..\..\..\..\Program Files (x86)\PICC\devices\16f877.h
----- -----
  670     6 Total

Page ROM  %  RAM   Vol Diff  Functions:
---- --- --- ---   --- ----  ----------
0     13   7    0    17  0.8  task1
0     13   7    0    17  0.8  task2
0     13   7    0    17  0.8  task3
0    126  70    0    45  1.4  MAIN
0     10   6    0             @const625
 Inline         0             @cinit1

Program metrics:
    Functions               4
    Statements              6
    Comments                112
    Volume (V)              158
    Difficulty (D)          3.4
    Effort to implement (E) 537
    Time to implement (T)   0 minutes
    Est Delivered Bugs (B)  0
    Cyclomatic Complexity   1
    Maintainability (MI)    192

 Segment     Used  Free
-----------  ----  ----
00000-00003     4  0  
00004-007FF   175  1869  
00800-00FFF     0  2048  
01000-017FF     0  2048  
01800-01FFF     0  2048  



