
ROM used: 30 (0%)
          30 (0%) including unused fragments

          0 Average locations per line
          2 Average locations per statement

RAM used: 6 (2%) at main() level
          6 (2%) worst case

Stack used: 0 worst case (out of 8 total available)

Lines Stmts  %   Files
----- ----- ---  -----
   24    14 100  High-Low.c
  262     0   0  ..\..\..\..\..\..\Program Files (x86)\PICC\devices\16f876.h
----- -----
  286    14 Total

Page ROM  %  RAM   Vol Diff  Functions:
---- --- --- ---   --- ----  ----------
0     26  87   1   277  3.2  main

Program metrics:
    Functions               1
    Statements              14
    Comments                65
    Volume (V)              277
    Difficilty (D)          3.2
    Effort to implement (E) 896
    Time to implement (T)   1 minutes
    Est Delivered Bugs (B)  0
    Cyclomatic Complexity   1
    Maintainability (MI)    95

 Segment     Used  Free
-----------  ----  ----
00000-00003     4  0  
00004-007FF    26  2018  
00800-00FFF     0  2048  
01000-017FF     0  2048  
01800-01FFF     0  2048  



