
ROM used: 72 (1%)
          72 (1%) including unused fragments

          0 Average locations per line
          4 Average locations per statement

RAM used: 5 (1%) at main() level
          8 (2%) worst case

Stack used: 1 worst case (out of 8 total available)

Lines Stmts  %   Files
----- ----- ---  -----
   36    16 100  TIMER1.c
  326     0   0  ..\..\..\..\..\..\Program Files (x86)\PICC\devices\16f877a.h
----- -----
  362    16 Total

Page ROM  %  RAM   Vol Diff  Functions:
---- --- --- ---   --- ----  ----------
0     47  65   3   282  4.2  on
0     21  29   0    72  1.9  MAIN

Program metrics:
    Functions               2
    Statements              16
    Comments                75
    Volume (V)              415
    Difficilty (D)          6.2
    Effort to implement (E) 2576
    Time to implement (T)   2 minutes
    Est Delivered Bugs (B)  0
    Cyclomatic Complexity   1
    Maintainability (MI)    106

 Segment     Used  Free
-----------  ----  ----
00000-00003     4  0  
00004-007FF    68  1976  
00800-00FFF     0  2048  
01000-017FF     0  2048  
01800-01FFF     0  2048  



