
ROM used:   69/8192 (1%)
            69/8192 (1%) including unused fragments

            0.1 Average locations per line
            4.6 Average locations per statement

RAM used:   14/368 (4%) at main() level
            16/368 (4%) worst case

Stack used: 0 worst case (0 in main + 0 for interrupts)
Stack size: 8

Lines Stmts  %   Files
----- ----- ---  -----
   31    15 100  200ms.c
  671     0   0  ..\..\..\..\..\..\Program Files (x86)\PICC\devices\16f877a.h
----- -----
  702    15 Total

Page ROM  %  RAM   Vol Diff  Functions:
---- --- --- ---   --- ----  ----------
0     65  94    0   351  4.8  main
 Inline         0             @cinit1

Program metrics:
    Functions               1
    Statements              15
    Comments                123
    Volume (V)              354
    Difficulty (D)          4.7
    Effort to implement (E) 1654
    Time to implement (T)   2 minutes
    Est Delivered Bugs (B)  0
    Cyclomatic Complexity   2
    Maintainability (MI)    46

 Segment     Used  Free
-----------  ----  ----
00000-00003     4  0  
00004-007FF    65  1979  
00800-00FFF     0  2048  
01000-017FF     0  2048  
01800-01FFF     0  2048  



