
ROM used:   211/8192 (3%)
            211/8192 (3%) including unused fragments

            0.3 Average locations per line
            7.0 Average locations per statement

RAM used:   6/368 (2%) at main() level
            21/368 (6%) worst case

Stack used: 1 worst case (1 in main + 0 for interrupts)
Stack size: 8

Lines Stmts  %   Files
----- ----- ---  -----
   48    30 100  Izq Der.c
  671     0   0  ..\..\..\..\..\..\Program Files (x86)\PICC\devices\16f877a.h
----- -----
  719    30 Total

Page ROM  %  RAM   Vol Diff  Functions:
---- --- --- ---   --- ----  ----------
0    152  72    1  1017  6.4  main
0     32  15    6             @WRITEBITA
0     23  11    5             @READBITA
 Inline         0             @cinit1

Program metrics:
    Functions               1
    Statements              30
    Comments                121
    Volume (V)              1026
    Difficulty (D)          6.1
    Effort to implement (E) 6295
    Time to implement (T)   6 minutes
    Est Delivered Bugs (B)  0
    Cyclomatic Complexity   4
    Maintainability (MI)    30

 Segment     Used  Free
-----------  ----  ----
00000-00003     4  0  
00004-007FF   207  1837  
00800-00FFF     0  2048  
01000-017FF     0  2048  
01800-01FFF     0  2048  



