
ROM used: 383 (5%)
          383 (5%) including unused fragments

          1 Average locations per line
          6 Average locations per statement

RAM used: 22 (6%) at main() level
          22 (6%) worst case

Stack used: 2 worst case (out of 8 total available)

Lines Stmts  %   Files
----- ----- ---  -----
  112    62 100  Interrupción.c
  326     0   0  ..\..\..\..\..\..\Program Files (x86)\PICC\devices\16f877a.h
----- -----
  438    62 Total

Page ROM  %  RAM   Vol Diff  Functions:
---- --- --- ---   --- ----  ----------
0     15   4   0   125  3.0  interrupcion
0    131  34   0   418  3.8  menu
0    131  34   0   418  3.8  seleccion
0     59  15   1   445  4.7  MAIN

Program metrics:
    Functions               4
    Statements              62
    Comments                90
    Volume (V)              1917
    Difficilty (D)          15.3
    Effort to implement (E) 29372
    Time to implement (T)   27 minutes
    Est Delivered Bugs (B)  0
    Cyclomatic Complexity   12
    Maintainability (MI)    138

 Segment     Used  Free
-----------  ----  ----
00000-00003     4  0  
00004-0002E    43  0  
0002F-007FF   336  1665  
00800-00FFF     0  2048  
01000-017FF     0  2048  
01800-01FFF     0  2048  



