
ROM used: 437 (5%)
          437 (5%) including unused fragments

          1 Average locations per line
          22 Average locations per statement

RAM used: 17 (5%) at main() level
          31 (8%) worst case

Stack used: 1 worst case (out of 8 total available)

Lines Stmts  %   Files
----- ----- ---  -----
   40    20 100  Ultrasonico.c
  326     0   0  ..\..\..\..\..\..\Program Files (x86)\PICC\devices\16f877a.h
----- -----
  366    20 Total

Page ROM  %  RAM   Vol Diff  Functions:
---- --- --- ---   --- ----  ----------
0    135  31   4   442  5.0  main
0     31   7   2             @ITOF
0    202  46  14             @DIVFF
0     65  15  10             @FLT

Program metrics:
    Functions               1
    Statements              20
    Comments                75
    Volume (V)              449
    Difficilty (D)          4.6
    Effort to implement (E) 2080
    Time to implement (T)   2 minutes
    Est Delivered Bugs (B)  0
    Cyclomatic Complexity   1
    Maintainability (MI)    128

 Segment     Used  Free
-----------  ----  ----
00000-00003     4  0  
00004-007FF   433  1611  
00800-00FFF     0  2048  
01000-017FF     0  2048  
01800-01FFF     0  2048  



