
ROM used:   153/8192 (2%)
            153/8192 (2%) including unused fragments

            0.2 Average locations per line
            17.0 Average locations per statement

RAM used:   5/368 (1%) at main() level
            9/368 (2%) worst case

Stack used: 1 worst case (1 in main + 0 for interrupts)
Stack size: 8

Lines Stmts  %   Files
----- ----- ---  -----
   36     9 100  TX.c
  671     0   0  ..\..\..\..\..\..\..\Program Files (x86)\PICC\devices\16f877a.h
----- -----
  707     9 Total

Page ROM  %  RAM   Vol Diff  Functions:
---- --- --- ---   --- ----  ----------
0     57  37    0   119  2.6  main
0      2   1    0             @const640
0     88  58    4             @PSTRINGC7_1
0      2   1    0             @const642
 Inline         0   160  3.3  @cinit1

Program metrics:
    Functions               2
    Statements              9
    Comments                133
    Volume (V)              348
    Difficulty (D)          5.3
    Effort to implement (E) 1852
    Time to implement (T)   2 minutes
    Est Delivered Bugs (B)  0
    Cyclomatic Complexity   5
    Maintainability (MI)    123

 Segment     Used  Free
-----------  ----  ----
00000-00003     4  0  
00004-007FF   149  1895  
00800-00FFF     0  2048  
01000-017FF     0  2048  
01800-01FFF     0  2048  



