
ROM used: 92 (1%)
          92 (1%) including unused fragments

          0 Average locations per line
          6 Average locations per statement

RAM used: 9 (2%) at main() level
          9 (2%) worst case

Stack used: 1 worst case (out of 8 total available)

Lines Stmts  %   Files
----- ----- ---  -----
   35    15 100  Contador 99.c
  262     0   0  ..\..\..\..\..\..\Program Files (x86)\PICC\devices\16F876.h
----- -----
  297    15 Total

Page ROM  %  RAM   Vol Diff  Functions:
---- --- --- ---   --- ----  ----------
0     21  23   1             @delay_ms1
0     14  15   0             @const62
0     53  58   4   480  4.8  main

Program metrics:
    Functions               1
    Statements              15
    Comments                66
    Volume (V)              485
    Difficilty (D)          4.5
    Effort to implement (E) 2192
    Time to implement (T)   2 minutes
    Est Delivered Bugs (B)  0
    Cyclomatic Complexity   2
    Maintainability (MI)    95

 Segment     Used  Free
-----------  ----  ----
00000-00003     4  0  
00004-007FF    88  1956  
00800-00FFF     0  2048  
01000-017FF     0  2048  
01800-01FFF     0  2048  



