
ROM used: 373 (5%)
          373 (5%) including unused fragments

          1 Average locations per line
          7 Average locations per statement

RAM used: 21 (6%) at main() level
          21 (6%) worst case

Stack used: 2 worst case (out of 8 total available)

Lines Stmts  %   Files
----- ----- ---  -----
  108    55 100  Selector.c
  326     0   0  ..\..\..\..\..\..\Program Files (x86)\PICC\devices\16f877a.h
----- -----
  434    55 Total

Page ROM  %  RAM   Vol Diff  Functions:
---- --- --- ---   --- ----  ----------
0      6   2   0    18  1.0  ext_isr
0    131  35   0   418  3.8  menu
0    131  35   0   418  3.8  seleccion
0     58  16   1   445  4.7  MAIN

Program metrics:
    Functions               4
    Statements              55
    Comments                91
    Volume (V)              1721
    Difficilty (D)          13.8
    Effort to implement (E) 23817
    Time to implement (T)   22 minutes
    Est Delivered Bugs (B)  0
    Cyclomatic Complexity   10
    Maintainability (MI)    141

 Segment     Used  Free
-----------  ----  ----
00000-00003     4  0  
00004-0002E    43  0  
0002F-007FF   326  1675  
00800-00FFF     0  2048  
01000-017FF     0  2048  
01800-01FFF     0  2048  



